#
# There is insufficient memory for the Java Runtime Environment to continue.
# Native memory allocation (malloc) failed to allocate 32744 bytes for ChunkPool::allocate
# Possible reasons:
#   The system is out of physical RAM or swap space
#   The process is running with CompressedOops enabled, and the Java Heap may be blocking the growth of the native heap
# Possible solutions:
#   Reduce memory load on the system
#   Increase physical memory or swap space
#   Check if swap backing store is full
#   Decrease Java heap size (-Xmx/-Xms)
#   Decrease number of Java threads
#   Decrease Java thread stack sizes (-Xss)
#   Set larger code cache with -XX:ReservedCodeCacheSize=
#   JVM is running with Unscaled Compressed Oops mode in which the Java heap is
#     placed in the first 4GB address space. The Java Heap base address is the
#     maximum limit for the native heap growth. Please use -XX:HeapBaseMinAddress
#     to set the Java Heap base and to place the Java Heap above 4GB virtual address.
# This output file may be truncated or incomplete.
#
#  Out of Memory Error (arena.cpp:78), pid=29020, tid=6844
#
# JRE version: Java(TM) SE Runtime Environment (17.0.5+9) (build 17.0.5+9-LTS-191)
# Java VM: Java HotSpot(TM) 64-Bit Server VM (17.0.5+9-LTS-191, mixed mode, sharing, tiered, compressed oops, compressed class ptrs, g1 gc, windows-amd64)
# No core dump will be written. Minidumps are not enabled by default on client versions of Windows
#

---------------  S U M M A R Y ------------

Command Line: -javaagent:C:\Program Files\JetBrains\IntelliJ IDEA Community Edition 2024.1\lib\idea_rt.jar=61284:C:\Program Files\JetBrains\IntelliJ IDEA Community Edition 2024.1\bin -Dfile.encoding=UTF-8 com.rapidattendencesystem.project.RapidattendencesystemApplication

Host: Intel(R) Core(TM) i5-10300H CPU @ 2.50GHz, 8 cores, 7G,  Windows 11 , 64 bit Build 22621 (10.0.22621.3672)
Time: Tue Jul  9 15:53:56 2024 Sri Lanka Standard Time elapsed time: 0.296334 seconds (0d 0h 0m 0s)

---------------  T H R E A D  ---------------

Current thread (0x00000271fb288700):  JavaThread "C2 CompilerThread1" daemon [_thread_in_native, id=6844, stack(0x0000008fe3400000,0x0000008fe3500000)]


Current CompileTask:
C2:    296  223       4       java.lang.StringBuilder::append (8 bytes)

Stack: [0x0000008fe3400000,0x0000008fe3500000]
Native frames: (J=compiled Java code, j=interpreted, Vv=VM code, C=native code)
V  [jvm.dll+0x672eea]
V  [jvm.dll+0x7d2a04]
V  [jvm.dll+0x7d41ae]
V  [jvm.dll+0x7d4813]
V  [jvm.dll+0x242c15]
V  [jvm.dll+0xaa7c0]
V  [jvm.dll+0xaab0c]
V  [jvm.dll+0x1a9c2b]
V  [jvm.dll+0x606856]
V  [jvm.dll+0x604d44]
V  [jvm.dll+0x215b38]
V  [jvm.dll+0x2150e1]
V  [jvm.dll+0x1a18ed]
V  [jvm.dll+0x22493a]
V  [jvm.dll+0x222aa5]
V  [jvm.dll+0x7885db]
V  [jvm.dll+0x782b4a]
V  [jvm.dll+0x671d75]
C  [ucrtbase.dll+0x29333]
C  [KERNEL32.DLL+0x1257d]
C  [ntdll.dll+0x5af28]


---------------  P R O C E S S  ---------------

Threads class SMR info:
_java_thread_list=0x00000271fb117590, length=12, elements={
0x00000271dc3c1750, 0x00000271fa3b2bd0, 0x00000271fa3b41e0, 0x00000271fa3c6600,
0x00000271fa3c71b0, 0x00000271fa3ca310, 0x00000271fa3cacc0, 0x00000271fa3daf90,
0x00000271fa3dba30, 0x00000271fa3e8f60, 0x00000271fa39d860, 0x00000271fb288700
}

Java Threads: ( => current thread )
  0x00000271dc3c1750 JavaThread "main" [_thread_in_vm, id=4496, stack(0x0000008fe2300000,0x0000008fe2400000)]
  0x00000271fa3b2bd0 JavaThread "Reference Handler" daemon [_thread_blocked, id=31432, stack(0x0000008fe2a00000,0x0000008fe2b00000)]
  0x00000271fa3b41e0 JavaThread "Finalizer" daemon [_thread_blocked, id=24964, stack(0x0000008fe2b00000,0x0000008fe2c00000)]
  0x00000271fa3c6600 JavaThread "Signal Dispatcher" daemon [_thread_blocked, id=24508, stack(0x0000008fe2c00000,0x0000008fe2d00000)]
  0x00000271fa3c71b0 JavaThread "Attach Listener" daemon [_thread_blocked, id=15984, stack(0x0000008fe2d00000,0x0000008fe2e00000)]
  0x00000271fa3ca310 JavaThread "Service Thread" daemon [_thread_blocked, id=20156, stack(0x0000008fe2e00000,0x0000008fe2f00000)]
  0x00000271fa3cacc0 JavaThread "Monitor Deflation Thread" daemon [_thread_blocked, id=6172, stack(0x0000008fe2f00000,0x0000008fe3000000)]
  0x00000271fa3daf90 JavaThread "C2 CompilerThread0" daemon [_thread_in_native, id=9684, stack(0x0000008fe3000000,0x0000008fe3100000)]
  0x00000271fa3dba30 JavaThread "C1 CompilerThread0" daemon [_thread_blocked, id=14304, stack(0x0000008fe3100000,0x0000008fe3200000)]
  0x00000271fa3e8f60 JavaThread "Sweeper thread" daemon [_thread_blocked, id=8324, stack(0x0000008fe3200000,0x0000008fe3300000)]
  0x00000271fa39d860 JavaThread "Common-Cleaner" daemon [_thread_blocked, id=31712, stack(0x0000008fe3300000,0x0000008fe3400000)]
=>0x00000271fb288700 JavaThread "C2 CompilerThread1" daemon [_thread_in_native, id=6844, stack(0x0000008fe3400000,0x0000008fe3500000)]

Other Threads:
  0x00000271fa3ae440 VMThread "VM Thread" [stack: 0x0000008fe2900000,0x0000008fe2a00000] [id=12868]
  0x00000271dc41b090 GCTaskThread "GC Thread#0" [stack: 0x0000008fe2400000,0x0000008fe2500000] [id=18824]
  0x00000271dc42b990 ConcurrentGCThread "G1 Main Marker" [stack: 0x0000008fe2500000,0x0000008fe2600000] [id=8352]
  0x00000271dc42d3b0 ConcurrentGCThread "G1 Conc#0" [stack: 0x0000008fe2600000,0x0000008fe2700000] [id=13880]
  0x00000271dc47df80 ConcurrentGCThread "G1 Refine#0" [stack: 0x0000008fe2700000,0x0000008fe2800000] [id=16720]
  0x00000271dc47e9a0 ConcurrentGCThread "G1 Service" [stack: 0x0000008fe2800000,0x0000008fe2900000] [id=9884]

Threads with active compile tasks:
C1 CompilerThread0      331  272       3       java.util.jar.Manifest$FastInputStream::peek (38 bytes)
C2 CompilerThread1      332  223       4       java.lang.StringBuilder::append (8 bytes)

VM state: not at safepoint (normal execution)

VM Mutex/Monitor currently owned by a thread: None

Heap address: 0x0000000083200000, size: 1998 MB, Compressed Oops mode: 32-bit

CDS archive(s) mapped at: [0x0000000800000000-0x0000000800bd0000-0x0000000800bd0000), size 12386304, SharedBaseAddress: 0x0000000800000000, ArchiveRelocationMode: 0.
Compressed class space mapped at: 0x0000000800c00000-0x0000000840c00000, reserved size: 1073741824
Narrow klass base: 0x0000000800000000, Narrow klass shift: 0, Narrow klass range: 0x100000000

GC Precious Log:
 CPUs: 8 total, 8 available
 Memory: 7985M
 Large Page Support: Disabled
 NUMA Support: Disabled
 Compressed Oops: Enabled (32-bit)
 Heap Region Size: 1M
 Heap Min Capacity: 8M
 Heap Initial Capacity: 126M
 Heap Max Capacity: 1998M
 Pre-touch: Disabled
 Parallel Workers: 8
 Concurrent Workers: 2
 Concurrent Refinement Workers: 8
 Periodic GC: Disabled

Heap:
 garbage-first heap   total 129024K, used 5120K [0x0000000083200000, 0x0000000100000000)
  region size 1024K, 5 young (5120K), 0 survivors (0K)
 Metaspace       used 414K, committed 640K, reserved 1056768K
  class space    used 17K, committed 128K, reserved 1048576K

Heap Regions: E=young(eden), S=young(survivor), O=old, HS=humongous(starts), HC=humongous(continues), CS=collection set, F=free, OA=open archive, CA=closed archive, TAMS=top-at-mark-start (previous, next)
|   0|0x0000000083200000, 0x0000000083300000, 0x0000000083300000|100%|HS|  |TAMS 0x0000000083200000, 0x0000000083200000| Complete 
|   1|0x0000000083300000, 0x0000000083300000, 0x0000000083400000|  0%| F|  |TAMS 0x0000000083300000, 0x0000000083300000| Untracked 
|   2|0x0000000083400000, 0x0000000083400000, 0x0000000083500000|  0%| F|  |TAMS 0x0000000083400000, 0x0000000083400000| Untracked 
|   3|0x0000000083500000, 0x0000000083500000, 0x0000000083600000|  0%| F|  |TAMS 0x0000000083500000, 0x0000000083500000| Untracked 
|   4|0x0000000083600000, 0x0000000083600000, 0x0000000083700000|  0%| F|  |TAMS 0x0000000083600000, 0x0000000083600000| Untracked 
|   5|0x0000000083700000, 0x0000000083700000, 0x0000000083800000|  0%| F|  |TAMS 0x0000000083700000, 0x0000000083700000| Untracked 
|   6|0x0000000083800000, 0x0000000083800000, 0x0000000083900000|  0%| F|  |TAMS 0x0000000083800000, 0x0000000083800000| Untracked 
|   7|0x0000000083900000, 0x0000000083900000, 0x0000000083a00000|  0%| F|  |TAMS 0x0000000083900000, 0x0000000083900000| Untracked 
|   8|0x0000000083a00000, 0x0000000083a00000, 0x0000000083b00000|  0%| F|  |TAMS 0x0000000083a00000, 0x0000000083a00000| Untracked 
|   9|0x0000000083b00000, 0x0000000083b00000, 0x0000000083c00000|  0%| F|  |TAMS 0x0000000083b00000, 0x0000000083b00000| Untracked 
|  10|0x0000000083c00000, 0x0000000083c00000, 0x0000000083d00000|  0%| F|  |TAMS 0x0000000083c00000, 0x0000000083c00000| Untracked 
|  11|0x0000000083d00000, 0x0000000083d00000, 0x0000000083e00000|  0%| F|  |TAMS 0x0000000083d00000, 0x0000000083d00000| Untracked 
|  12|0x0000000083e00000, 0x0000000083e00000, 0x0000000083f00000|  0%| F|  |TAMS 0x0000000083e00000, 0x0000000083e00000| Untracked 
|  13|0x0000000083f00000, 0x0000000083f00000, 0x0000000084000000|  0%| F|  |TAMS 0x0000000083f00000, 0x0000000083f00000| Untracked 
|  14|0x0000000084000000, 0x0000000084000000, 0x0000000084100000|  0%| F|  |TAMS 0x0000000084000000, 0x0000000084000000| Untracked 
|  15|0x0000000084100000, 0x0000000084100000, 0x0000000084200000|  0%| F|  |TAMS 0x0000000084100000, 0x0000000084100000| Untracked 
|  16|0x0000000084200000, 0x0000000084200000, 0x0000000084300000|  0%| F|  |TAMS 0x0000000084200000, 0x0000000084200000| Untracked 
|  17|0x0000000084300000, 0x0000000084300000, 0x0000000084400000|  0%| F|  |TAMS 0x0000000084300000, 0x0000000084300000| Untracked 
|  18|0x0000000084400000, 0x0000000084400000, 0x0000000084500000|  0%| F|  |TAMS 0x0000000084400000, 0x0000000084400000| Untracked 
|  19|0x0000000084500000, 0x0000000084500000, 0x0000000084600000|  0%| F|  |TAMS 0x0000000084500000, 0x0000000084500000| Untracked 
|  20|0x0000000084600000, 0x0000000084600000, 0x0000000084700000|  0%| F|  |TAMS 0x0000000084600000, 0x0000000084600000| Untracked 
|  21|0x0000000084700000, 0x0000000084700000, 0x0000000084800000|  0%| F|  |TAMS 0x0000000084700000, 0x0000000084700000| Untracked 
|  22|0x0000000084800000, 0x0000000084800000, 0x0000000084900000|  0%| F|  |TAMS 0x0000000084800000, 0x0000000084800000| Untracked 
|  23|0x0000000084900000, 0x0000000084900000, 0x0000000084a00000|  0%| F|  |TAMS 0x0000000084900000, 0x0000000084900000| Untracked 
|  24|0x0000000084a00000, 0x0000000084a00000, 0x0000000084b00000|  0%| F|  |TAMS 0x0000000084a00000, 0x0000000084a00000| Untracked 
|  25|0x0000000084b00000, 0x0000000084b00000, 0x0000000084c00000|  0%| F|  |TAMS 0x0000000084b00000, 0x0000000084b00000| Untracked 
|  26|0x0000000084c00000, 0x0000000084c00000, 0x0000000084d00000|  0%| F|  |TAMS 0x0000000084c00000, 0x0000000084c00000| Untracked 
|  27|0x0000000084d00000, 0x0000000084d00000, 0x0000000084e00000|  0%| F|  |TAMS 0x0000000084d00000, 0x0000000084d00000| Untracked 
|  28|0x0000000084e00000, 0x0000000084e00000, 0x0000000084f00000|  0%| F|  |TAMS 0x0000000084e00000, 0x0000000084e00000| Untracked 
|  29|0x0000000084f00000, 0x0000000084f00000, 0x0000000085000000|  0%| F|  |TAMS 0x0000000084f00000, 0x0000000084f00000| Untracked 
|  30|0x0000000085000000, 0x0000000085000000, 0x0000000085100000|  0%| F|  |TAMS 0x0000000085000000, 0x0000000085000000| Untracked 
|  31|0x0000000085100000, 0x0000000085100000, 0x0000000085200000|  0%| F|  |TAMS 0x0000000085100000, 0x0000000085100000| Untracked 
|  32|0x0000000085200000, 0x0000000085200000, 0x0000000085300000|  0%| F|  |TAMS 0x0000000085200000, 0x0000000085200000| Untracked 
|  33|0x0000000085300000, 0x0000000085300000, 0x0000000085400000|  0%| F|  |TAMS 0x0000000085300000, 0x0000000085300000| Untracked 
|  34|0x0000000085400000, 0x0000000085400000, 0x0000000085500000|  0%| F|  |TAMS 0x0000000085400000, 0x0000000085400000| Untracked 
|  35|0x0000000085500000, 0x0000000085500000, 0x0000000085600000|  0%| F|  |TAMS 0x0000000085500000, 0x0000000085500000| Untracked 
|  36|0x0000000085600000, 0x0000000085600000, 0x0000000085700000|  0%| F|  |TAMS 0x0000000085600000, 0x0000000085600000| Untracked 
|  37|0x0000000085700000, 0x0000000085700000, 0x0000000085800000|  0%| F|  |TAMS 0x0000000085700000, 0x0000000085700000| Untracked 
|  38|0x0000000085800000, 0x0000000085800000, 0x0000000085900000|  0%| F|  |TAMS 0x0000000085800000, 0x0000000085800000| Untracked 
|  39|0x0000000085900000, 0x0000000085900000, 0x0000000085a00000|  0%| F|  |TAMS 0x0000000085900000, 0x0000000085900000| Untracked 
|  40|0x0000000085a00000, 0x0000000085a00000, 0x0000000085b00000|  0%| F|  |TAMS 0x0000000085a00000, 0x0000000085a00000| Untracked 
|  41|0x0000000085b00000, 0x0000000085b00000, 0x0000000085c00000|  0%| F|  |TAMS 0x0000000085b00000, 0x0000000085b00000| Untracked 
|  42|0x0000000085c00000, 0x0000000085c00000, 0x0000000085d00000|  0%| F|  |TAMS 0x0000000085c00000, 0x0000000085c00000| Untracked 
|  43|0x0000000085d00000, 0x0000000085d00000, 0x0000000085e00000|  0%| F|  |TAMS 0x0000000085d00000, 0x0000000085d00000| Untracked 
|  44|0x0000000085e00000, 0x0000000085e00000, 0x0000000085f00000|  0%| F|  |TAMS 0x0000000085e00000, 0x0000000085e00000| Untracked 
|  45|0x0000000085f00000, 0x0000000085f00000, 0x0000000086000000|  0%| F|  |TAMS 0x0000000085f00000, 0x0000000085f00000| Untracked 
|  46|0x0000000086000000, 0x0000000086000000, 0x0000000086100000|  0%| F|  |TAMS 0x0000000086000000, 0x0000000086000000| Untracked 
|  47|0x0000000086100000, 0x0000000086100000, 0x0000000086200000|  0%| F|  |TAMS 0x0000000086100000, 0x0000000086100000| Untracked 
|  48|0x0000000086200000, 0x0000000086200000, 0x0000000086300000|  0%| F|  |TAMS 0x0000000086200000, 0x0000000086200000| Untracked 
|  49|0x0000000086300000, 0x0000000086300000, 0x0000000086400000|  0%| F|  |TAMS 0x0000000086300000, 0x0000000086300000| Untracked 
|  50|0x0000000086400000, 0x0000000086400000, 0x0000000086500000|  0%| F|  |TAMS 0x0000000086400000, 0x0000000086400000| Untracked 
|  51|0x0000000086500000, 0x0000000086500000, 0x0000000086600000|  0%| F|  |TAMS 0x0000000086500000, 0x0000000086500000| Untracked 
|  52|0x0000000086600000, 0x0000000086600000, 0x0000000086700000|  0%| F|  |TAMS 0x0000000086600000, 0x0000000086600000| Untracked 
|  53|0x0000000086700000, 0x0000000086700000, 0x0000000086800000|  0%| F|  |TAMS 0x0000000086700000, 0x0000000086700000| Untracked 
|  54|0x0000000086800000, 0x0000000086800000, 0x0000000086900000|  0%| F|  |TAMS 0x0000000086800000, 0x0000000086800000| Untracked 
|  55|0x0000000086900000, 0x0000000086900000, 0x0000000086a00000|  0%| F|  |TAMS 0x0000000086900000, 0x0000000086900000| Untracked 
|  56|0x0000000086a00000, 0x0000000086a00000, 0x0000000086b00000|  0%| F|  |TAMS 0x0000000086a00000, 0x0000000086a00000| Untracked 
|  57|0x0000000086b00000, 0x0000000086b00000, 0x0000000086c00000|  0%| F|  |TAMS 0x0000000086b00000, 0x0000000086b00000| Untracked 
|  58|0x0000000086c00000, 0x0000000086c00000, 0x0000000086d00000|  0%| F|  |TAMS 0x0000000086c00000, 0x0000000086c00000| Untracked 
|  59|0x0000000086d00000, 0x0000000086d00000, 0x0000000086e00000|  0%| F|  |TAMS 0x0000000086d00000, 0x0000000086d00000| Untracked 
|  60|0x0000000086e00000, 0x0000000086e00000, 0x0000000086f00000|  0%| F|  |TAMS 0x0000000086e00000, 0x0000000086e00000| Untracked 
|  61|0x0000000086f00000, 0x0000000086f00000, 0x0000000087000000|  0%| F|  |TAMS 0x0000000086f00000, 0x0000000086f00000| Untracked 
|  62|0x0000000087000000, 0x0000000087000000, 0x0000000087100000|  0%| F|  |TAMS 0x0000000087000000, 0x0000000087000000| Untracked 
|  63|0x0000000087100000, 0x0000000087100000, 0x0000000087200000|  0%| F|  |TAMS 0x0000000087100000, 0x0000000087100000| Untracked 
|  64|0x0000000087200000, 0x0000000087200000, 0x0000000087300000|  0%| F|  |TAMS 0x0000000087200000, 0x0000000087200000| Untracked 
|  65|0x0000000087300000, 0x0000000087300000, 0x0000000087400000|  0%| F|  |TAMS 0x0000000087300000, 0x0000000087300000| Untracked 
|  66|0x0000000087400000, 0x0000000087400000, 0x0000000087500000|  0%| F|  |TAMS 0x0000000087400000, 0x0000000087400000| Untracked 
|  67|0x0000000087500000, 0x0000000087500000, 0x0000000087600000|  0%| F|  |TAMS 0x0000000087500000, 0x0000000087500000| Untracked 
|  68|0x0000000087600000, 0x0000000087600000, 0x0000000087700000|  0%| F|  |TAMS 0x0000000087600000, 0x0000000087600000| Untracked 
|  69|0x0000000087700000, 0x0000000087700000, 0x0000000087800000|  0%| F|  |TAMS 0x0000000087700000, 0x0000000087700000| Untracked 
|  70|0x0000000087800000, 0x0000000087800000, 0x0000000087900000|  0%| F|  |TAMS 0x0000000087800000, 0x0000000087800000| Untracked 
|  71|0x0000000087900000, 0x0000000087900000, 0x0000000087a00000|  0%| F|  |TAMS 0x0000000087900000, 0x0000000087900000| Untracked 
|  72|0x0000000087a00000, 0x0000000087a00000, 0x0000000087b00000|  0%| F|  |TAMS 0x0000000087a00000, 0x0000000087a00000| Untracked 
|  73|0x0000000087b00000, 0x0000000087b00000, 0x0000000087c00000|  0%| F|  |TAMS 0x0000000087b00000, 0x0000000087b00000| Untracked 
|  74|0x0000000087c00000, 0x0000000087c00000, 0x0000000087d00000|  0%| F|  |TAMS 0x0000000087c00000, 0x0000000087c00000| Untracked 
|  75|0x0000000087d00000, 0x0000000087d00000, 0x0000000087e00000|  0%| F|  |TAMS 0x0000000087d00000, 0x0000000087d00000| Untracked 
|  76|0x0000000087e00000, 0x0000000087e00000, 0x0000000087f00000|  0%| F|  |TAMS 0x0000000087e00000, 0x0000000087e00000| Untracked 
|  77|0x0000000087f00000, 0x0000000087f00000, 0x0000000088000000|  0%| F|  |TAMS 0x0000000087f00000, 0x0000000087f00000| Untracked 
|  78|0x0000000088000000, 0x0000000088000000, 0x0000000088100000|  0%| F|  |TAMS 0x0000000088000000, 0x0000000088000000| Untracked 
|  79|0x0000000088100000, 0x0000000088100000, 0x0000000088200000|  0%| F|  |TAMS 0x0000000088100000, 0x0000000088100000| Untracked 
|  80|0x0000000088200000, 0x0000000088200000, 0x0000000088300000|  0%| F|  |TAMS 0x0000000088200000, 0x0000000088200000| Untracked 
|  81|0x0000000088300000, 0x0000000088300000, 0x0000000088400000|  0%| F|  |TAMS 0x0000000088300000, 0x0000000088300000| Untracked 
|  82|0x0000000088400000, 0x0000000088400000, 0x0000000088500000|  0%| F|  |TAMS 0x0000000088400000, 0x0000000088400000| Untracked 
|  83|0x0000000088500000, 0x0000000088500000, 0x0000000088600000|  0%| F|  |TAMS 0x0000000088500000, 0x0000000088500000| Untracked 
|  84|0x0000000088600000, 0x0000000088600000, 0x0000000088700000|  0%| F|  |TAMS 0x0000000088600000, 0x0000000088600000| Untracked 
|  85|0x0000000088700000, 0x0000000088700000, 0x0000000088800000|  0%| F|  |TAMS 0x0000000088700000, 0x0000000088700000| Untracked 
|  86|0x0000000088800000, 0x0000000088800000, 0x0000000088900000|  0%| F|  |TAMS 0x0000000088800000, 0x0000000088800000| Untracked 
|  87|0x0000000088900000, 0x0000000088900000, 0x0000000088a00000|  0%| F|  |TAMS 0x0000000088900000, 0x0000000088900000| Untracked 
|  88|0x0000000088a00000, 0x0000000088a00000, 0x0000000088b00000|  0%| F|  |TAMS 0x0000000088a00000, 0x0000000088a00000| Untracked 
|  89|0x0000000088b00000, 0x0000000088b00000, 0x0000000088c00000|  0%| F|  |TAMS 0x0000000088b00000, 0x0000000088b00000| Untracked 
|  90|0x0000000088c00000, 0x0000000088c00000, 0x0000000088d00000|  0%| F|  |TAMS 0x0000000088c00000, 0x0000000088c00000| Untracked 
|  91|0x0000000088d00000, 0x0000000088d00000, 0x0000000088e00000|  0%| F|  |TAMS 0x0000000088d00000, 0x0000000088d00000| Untracked 
|  92|0x0000000088e00000, 0x0000000088e00000, 0x0000000088f00000|  0%| F|  |TAMS 0x0000000088e00000, 0x0000000088e00000| Untracked 
|  93|0x0000000088f00000, 0x0000000088f00000, 0x0000000089000000|  0%| F|  |TAMS 0x0000000088f00000, 0x0000000088f00000| Untracked 
|  94|0x0000000089000000, 0x0000000089000000, 0x0000000089100000|  0%| F|  |TAMS 0x0000000089000000, 0x0000000089000000| Untracked 
|  95|0x0000000089100000, 0x0000000089100000, 0x0000000089200000|  0%| F|  |TAMS 0x0000000089100000, 0x0000000089100000| Untracked 
|  96|0x0000000089200000, 0x0000000089200000, 0x0000000089300000|  0%| F|  |TAMS 0x0000000089200000, 0x0000000089200000| Untracked 
|  97|0x0000000089300000, 0x0000000089300000, 0x0000000089400000|  0%| F|  |TAMS 0x0000000089300000, 0x0000000089300000| Untracked 
|  98|0x0000000089400000, 0x0000000089400000, 0x0000000089500000|  0%| F|  |TAMS 0x0000000089400000, 0x0000000089400000| Untracked 
|  99|0x0000000089500000, 0x0000000089500000, 0x0000000089600000|  0%| F|  |TAMS 0x0000000089500000, 0x0000000089500000| Untracked 
| 100|0x0000000089600000, 0x0000000089600000, 0x0000000089700000|  0%| F|  |TAMS 0x0000000089600000, 0x0000000089600000| Untracked 
| 101|0x0000000089700000, 0x0000000089700000, 0x0000000089800000|  0%| F|  |TAMS 0x0000000089700000, 0x0000000089700000| Untracked 
| 102|0x0000000089800000, 0x0000000089800000, 0x0000000089900000|  0%| F|  |TAMS 0x0000000089800000, 0x0000000089800000| Untracked 
| 103|0x0000000089900000, 0x0000000089900000, 0x0000000089a00000|  0%| F|  |TAMS 0x0000000089900000, 0x0000000089900000| Untracked 
| 104|0x0000000089a00000, 0x0000000089a00000, 0x0000000089b00000|  0%| F|  |TAMS 0x0000000089a00000, 0x0000000089a00000| Untracked 
| 105|0x0000000089b00000, 0x0000000089b00000, 0x0000000089c00000|  0%| F|  |TAMS 0x0000000089b00000, 0x0000000089b00000| Untracked 
| 106|0x0000000089c00000, 0x0000000089c00000, 0x0000000089d00000|  0%| F|  |TAMS 0x0000000089c00000, 0x0000000089c00000| Untracked 
| 107|0x0000000089d00000, 0x0000000089d00000, 0x0000000089e00000|  0%| F|  |TAMS 0x0000000089d00000, 0x0000000089d00000| Untracked 
| 108|0x0000000089e00000, 0x0000000089e00000, 0x0000000089f00000|  0%| F|  |TAMS 0x0000000089e00000, 0x0000000089e00000| Untracked 
| 109|0x0000000089f00000, 0x0000000089f00000, 0x000000008a000000|  0%| F|  |TAMS 0x0000000089f00000, 0x0000000089f00000| Untracked 
| 110|0x000000008a000000, 0x000000008a000000, 0x000000008a100000|  0%| F|  |TAMS 0x000000008a000000, 0x000000008a000000| Untracked 
| 111|0x000000008a100000, 0x000000008a100000, 0x000000008a200000|  0%| F|  |TAMS 0x000000008a100000, 0x000000008a100000| Untracked 
| 112|0x000000008a200000, 0x000000008a200000, 0x000000008a300000|  0%| F|  |TAMS 0x000000008a200000, 0x000000008a200000| Untracked 
| 113|0x000000008a300000, 0x000000008a300000, 0x000000008a400000|  0%| F|  |TAMS 0x000000008a300000, 0x000000008a300000| Untracked 
| 114|0x000000008a400000, 0x000000008a400000, 0x000000008a500000|  0%| F|  |TAMS 0x000000008a400000, 0x000000008a400000| Untracked 
| 115|0x000000008a500000, 0x000000008a500000, 0x000000008a600000|  0%| F|  |TAMS 0x000000008a500000, 0x000000008a500000| Untracked 
| 116|0x000000008a600000, 0x000000008a600000, 0x000000008a700000|  0%| F|  |TAMS 0x000000008a600000, 0x000000008a600000| Untracked 
| 117|0x000000008a700000, 0x000000008a700000, 0x000000008a800000|  0%| F|  |TAMS 0x000000008a700000, 0x000000008a700000| Untracked 
| 118|0x000000008a800000, 0x000000008a800000, 0x000000008a900000|  0%| F|  |TAMS 0x000000008a800000, 0x000000008a800000| Untracked 
| 119|0x000000008a900000, 0x000000008a900000, 0x000000008aa00000|  0%| F|  |TAMS 0x000000008a900000, 0x000000008a900000| Untracked 
| 120|0x000000008aa00000, 0x000000008aaa7e98, 0x000000008ab00000| 65%| E|  |TAMS 0x000000008aa00000, 0x000000008aa00000| Complete 
| 121|0x000000008ab00000, 0x000000008ac00000, 0x000000008ac00000|100%| E|CS|TAMS 0x000000008ab00000, 0x000000008ab00000| Complete 
| 122|0x000000008ac00000, 0x000000008ad00000, 0x000000008ad00000|100%| E|CS|TAMS 0x000000008ac00000, 0x000000008ac00000| Complete 
| 123|0x000000008ad00000, 0x000000008ae00000, 0x000000008ae00000|100%| E|CS|TAMS 0x000000008ad00000, 0x000000008ad00000| Complete 
| 124|0x000000008ae00000, 0x000000008af00000, 0x000000008af00000|100%| E|CS|TAMS 0x000000008ae00000, 0x000000008ae00000| Complete 
| 125|0x000000008af00000, 0x000000008b000000, 0x000000008b000000|100%| E|CS|TAMS 0x000000008af00000, 0x000000008af00000| Complete 

Card table byte_map: [0x00000271f3340000,0x00000271f3730000] _byte_map_base: 0x00000271f2f27000

Marking Bits (Prev, Next): (CMBitMap*) 0x00000271dc41b6a0, (CMBitMap*) 0x00000271dc41b6e0
 Prev Bits: [0x00000271f3b20000, 0x00000271f5a58000)
 Next Bits: [0x00000271f5a60000, 0x00000271f7998000)

Polling page: 0x00000271dbb80000

Metaspace:

Usage:
  Non-class:    420.30 KB used.
      Class:     17.98 KB used.
       Both:    438.28 KB used.

Virtual space:
  Non-class space:        8.00 MB reserved,     512.00 KB (  6%) committed,  1 nodes.
      Class space:        1.00 GB reserved,     128.00 KB ( <1%) committed,  1 nodes.
             Both:        1.01 GB reserved,     640.00 KB ( <1%) committed. 

Chunk freelists:
   Non-Class:  4.00 MB
       Class:  3.75 MB
        Both:  7.75 MB

MaxMetaspaceSize: unlimited
CompressedClassSpaceSize: 1.00 GB
Initial GC threshold: 21.00 MB
Current GC threshold: 21.00 MB
CDS: on
MetaspaceReclaimPolicy: balanced
 - commit_granule_bytes: 65536.
 - commit_granule_words: 8192.
 - virtual_space_node_default_size: 1048576.
 - enlarge_chunks_in_place: 1.
 - new_chunks_are_fully_committed: 0.
 - uncommit_free_chunks: 1.
 - use_allocation_guard: 0.
 - handle_deallocations: 1.


Internal statistics:

num_allocs_failed_limit: 0.
num_arena_births: 4.
num_arena_deaths: 0.
num_vsnodes_births: 2.
num_vsnodes_deaths: 0.
num_space_committed: 10.
num_space_uncommitted: 0.
num_chunks_returned_to_freelist: 0.
num_chunks_taken_from_freelist: 5.
num_chunk_merges: 0.
num_chunk_splits: 2.
num_chunks_enlarged: 1.
num_purges: 0.
num_inconsistent_stats: 0.

CodeHeap 'non-profiled nmethods': size=120000Kb used=109Kb max_used=109Kb free=119891Kb
 bounds [0x00000271eb6f0000, 0x00000271eb960000, 0x00000271f2c20000]
CodeHeap 'profiled nmethods': size=120000Kb used=368Kb max_used=368Kb free=119631Kb
 bounds [0x00000271e41c0000, 0x00000271e4430000, 0x00000271eb6f0000]
CodeHeap 'non-nmethods': size=5760Kb used=1095Kb max_used=1114Kb free=4664Kb
 bounds [0x00000271e3c20000, 0x00000271e3e90000, 0x00000271e41c0000]
 total_blobs=666 nmethods=297 adapters=282
 compilation: enabled
              stopped_count=0, restarted_count=0
 full_count=0

Compilation events (20 events):
Event: 0.283 Thread 0x00000271fa3dba30 nmethod 222 0x00000271eb702a90 code [0x00000271eb702c20, 0x00000271eb702cf8]
Event: 0.284 Thread 0x00000271fa3dba30  224       3       java.io.RandomAccessFile::read (8 bytes)
Event: 0.285 Thread 0x00000271fa3dba30 nmethod 224 0x00000271e41fba90 code [0x00000271e41fbc20, 0x00000271e41fbd68]
Event: 0.285 Thread 0x00000271fa3dba30  226   !   3       java.util.zip.ZipFile$Source::checkAndAddEntry (209 bytes)
Event: 0.287 Thread 0x00000271fa3dba30 nmethod 226 0x00000271e41fbe10 code [0x00000271e41fc180, 0x00000271e41fd528]
Event: 0.287 Thread 0x00000271fb288700  227       4       java.util.zip.ZipUtils::CENNAM (9 bytes)
Event: 0.288 Thread 0x00000271fb288700 nmethod 227 0x00000271eb703190 code [0x00000271eb703300, 0x00000271eb7033b8]
Event: 0.288 Thread 0x00000271fb288700  229       4       java.util.zip.ZipUtils::CENHOW (9 bytes)
Event: 0.289 Thread 0x00000271fb288700 nmethod 229 0x00000271eb703490 code [0x00000271eb703600, 0x00000271eb7036b8]
Event: 0.289 Thread 0x00000271fa3dba30  231       3       java.lang.StringBuilder::<init> (7 bytes)
Event: 0.289 Thread 0x00000271fb288700  228       4       java.util.zip.ZipUtils::CENFLG (9 bytes)
Event: 0.289 Thread 0x00000271fa3dba30 nmethod 231 0x00000271e41fe090 code [0x00000271e41fe220, 0x00000271e41fe368]
Event: 0.290 Thread 0x00000271fb288700 nmethod 228 0x00000271eb703790 code [0x00000271eb703900, 0x00000271eb7039b8]
Event: 0.290 Thread 0x00000271fb288700  230       4       java.util.zip.ZipUtils::CENSIG (8 bytes)
Event: 0.290 Thread 0x00000271fa3dba30  232       3       java.io.RandomAccessFile::readFully (45 bytes)
Event: 0.291 Thread 0x00000271fb288700 nmethod 230 0x00000271eb703a90 code [0x00000271eb703c00, 0x00000271eb703cf8]
Event: 0.291 Thread 0x00000271fb288700  223       4       java.lang.StringBuilder::append (8 bytes)
Event: 0.291 Thread 0x00000271fa3dba30 nmethod 232 0x00000271e41fe410 code [0x00000271e41fe5e0, 0x00000271e41fe958]
Event: 0.292 Thread 0x00000271fa3dba30  233       3       java.lang.String::startsWith (138 bytes)
Event: 0.292 Thread 0x00000271fa3dba30 nmethod 233 0x00000271e41feb10 code [0x00000271e41fed20, 0x00000271e41ff5b8]

GC Heap History (0 events):
No events

Deoptimization events (20 events):
Event: 0.251 Thread 0x00000271dc3c1750 Uncommon trap: trap_request=0xffffffde fr.pc=0x00000271eb6fe074 relative=0x0000000000000814
Event: 0.251 Thread 0x00000271dc3c1750 Uncommon trap: reason=class_check action=maybe_recompile pc=0x00000271eb6fe074 method=java.util.HashMap.putVal(ILjava/lang/Object;Ljava/lang/Object;ZZ)Ljava/lang/Object; @ 152 c2
Event: 0.251 Thread 0x00000271dc3c1750 DEOPT PACKING pc=0x00000271eb6fe074 sp=0x0000008fe23fdcd0
Event: 0.251 Thread 0x00000271dc3c1750 DEOPT UNPACKING pc=0x00000271e3c723a3 sp=0x0000008fe23fdc50 mode 2
Event: 0.251 Thread 0x00000271dc3c1750 Uncommon trap: trap_request=0xffffffde fr.pc=0x00000271eb6fe074 relative=0x0000000000000814
Event: 0.251 Thread 0x00000271dc3c1750 Uncommon trap: reason=class_check action=maybe_recompile pc=0x00000271eb6fe074 method=java.util.HashMap.putVal(ILjava/lang/Object;Ljava/lang/Object;ZZ)Ljava/lang/Object; @ 152 c2
Event: 0.251 Thread 0x00000271dc3c1750 DEOPT PACKING pc=0x00000271eb6fe074 sp=0x0000008fe23fdcd0
Event: 0.251 Thread 0x00000271dc3c1750 DEOPT UNPACKING pc=0x00000271e3c723a3 sp=0x0000008fe23fdc50 mode 2
Event: 0.252 Thread 0x00000271dc3c1750 Uncommon trap: trap_request=0xffffffde fr.pc=0x00000271eb6fe074 relative=0x0000000000000814
Event: 0.252 Thread 0x00000271dc3c1750 Uncommon trap: reason=class_check action=maybe_recompile pc=0x00000271eb6fe074 method=java.util.HashMap.putVal(ILjava/lang/Object;Ljava/lang/Object;ZZ)Ljava/lang/Object; @ 152 c2
Event: 0.252 Thread 0x00000271dc3c1750 DEOPT PACKING pc=0x00000271eb6fe074 sp=0x0000008fe23fdcd0
Event: 0.252 Thread 0x00000271dc3c1750 DEOPT UNPACKING pc=0x00000271e3c723a3 sp=0x0000008fe23fdc50 mode 2
Event: 0.252 Thread 0x00000271dc3c1750 Uncommon trap: trap_request=0xffffffde fr.pc=0x00000271eb6fe074 relative=0x0000000000000814
Event: 0.252 Thread 0x00000271dc3c1750 Uncommon trap: reason=class_check action=maybe_recompile pc=0x00000271eb6fe074 method=java.util.HashMap.putVal(ILjava/lang/Object;Ljava/lang/Object;ZZ)Ljava/lang/Object; @ 152 c2
Event: 0.252 Thread 0x00000271dc3c1750 DEOPT PACKING pc=0x00000271eb6fe074 sp=0x0000008fe23fdcd0
Event: 0.252 Thread 0x00000271dc3c1750 DEOPT UNPACKING pc=0x00000271e3c723a3 sp=0x0000008fe23fdc50 mode 2
Event: 0.285 Thread 0x00000271dc3c1750 Uncommon trap: trap_request=0xffffff45 fr.pc=0x00000271eb700a34 relative=0x00000000000005f4
Event: 0.285 Thread 0x00000271dc3c1750 Uncommon trap: reason=unstable_if action=reinterpret pc=0x00000271eb700a34 method=java.util.zip.ZipFile$Source.checkAndAddEntry(II)I @ 50 c2
Event: 0.285 Thread 0x00000271dc3c1750 DEOPT PACKING pc=0x00000271eb700a34 sp=0x0000008fe23fdd70
Event: 0.285 Thread 0x00000271dc3c1750 DEOPT UNPACKING pc=0x00000271e3c723a3 sp=0x0000008fe23fdce8 mode 2

Classes unloaded (0 events):
No events

Classes redefined (0 events):
No events

Internal exceptions (0 events):
No events

VM Operations (2 events):
Event: 0.201 Executing VM operation: HandshakeAllThreads
Event: 0.201 Executing VM operation: HandshakeAllThreads done

Events (20 events):
Event: 0.223 loading class sun/instrument/TransformerManager$TransformerInfo
Event: 0.223 loading class sun/instrument/TransformerManager$TransformerInfo done
Event: 0.225 loading class jdk/internal/loader/URLClassPath$FileLoader
Event: 0.225 loading class jdk/internal/loader/URLClassPath$FileLoader done
Event: 0.227 loading class sun/nio/cs/UTF_8$Decoder
Event: 0.227 loading class sun/nio/cs/UTF_8$Decoder done
Event: 0.235 Loaded shared library C:\Program Files\Java\jdk-17.0.5\bin\net.dll
Event: 0.238 Loaded shared library C:\Program Files\Java\jdk-17.0.5\bin\nio.dll
Event: 0.242 Loaded shared library C:\Program Files\Java\jdk-17.0.5\bin\zip.dll
Event: 0.267 loading class java/io/BufferedReader
Event: 0.267 loading class java/io/Reader
Event: 0.267 loading class java/io/Reader done
Event: 0.267 loading class java/io/BufferedReader done
Event: 0.268 loading class java/io/InputStreamReader
Event: 0.268 loading class java/io/InputStreamReader done
Event: 0.268 loading class sun/nio/cs/StreamDecoder
Event: 0.268 loading class sun/nio/cs/StreamDecoder done
Event: 0.268 loading class java/util/Vector
Event: 0.268 loading class java/util/Vector done
Event: 0.287 Thread 0x00000271fb288700 Thread added: 0x00000271fb288700


Dynamic libraries:
0x00007ff6ba350000 - 0x00007ff6ba360000 	C:\Program Files\Java\jdk-17.0.5\bin\java.exe
0x00007ffddd530000 - 0x00007ffddd747000 	C:\WINDOWS\SYSTEM32\ntdll.dll
0x00007ffddb8a0000 - 0x00007ffddb964000 	C:\WINDOWS\System32\KERNEL32.DLL
0x00007ffdda860000 - 0x00007ffddac0c000 	C:\WINDOWS\System32\KERNELBASE.dll
0x00007ffddaf80000 - 0x00007ffddb091000 	C:\WINDOWS\System32\ucrtbase.dll
0x00007ffdd1be0000 - 0x00007ffdd1bf8000 	C:\Program Files\Java\jdk-17.0.5\bin\jli.dll
0x00007ffdd1b90000 - 0x00007ffdd1baa000 	C:\Program Files\Java\jdk-17.0.5\bin\VCRUNTIME140.dll
0x00007ffddb5c0000 - 0x00007ffddb672000 	C:\WINDOWS\System32\ADVAPI32.dll
0x00007ffddb370000 - 0x00007ffddb417000 	C:\WINDOWS\System32\msvcrt.dll
0x00007ffddbad0000 - 0x00007ffddbb7a000 	C:\WINDOWS\System32\sechost.dll
0x00007ffddaeb0000 - 0x00007ffddaed8000 	C:\WINDOWS\System32\bcrypt.dll
0x00007ffddb420000 - 0x00007ffddb535000 	C:\WINDOWS\System32\RPCRT4.dll
0x00007ffddb680000 - 0x00007ffddb82e000 	C:\WINDOWS\System32\USER32.dll
0x00007ffddb0a0000 - 0x00007ffddb0c6000 	C:\WINDOWS\System32\win32u.dll
0x00007ffddca10000 - 0x00007ffddca39000 	C:\WINDOWS\System32\GDI32.dll
0x00007ffddb150000 - 0x00007ffddb269000 	C:\WINDOWS\System32\gdi32full.dll
0x00007ffdc06e0000 - 0x00007ffdc0973000 	C:\WINDOWS\WinSxS\amd64_microsoft.windows.common-controls_6595b64144ccf1df_6.0.22621.3672_none_2713b9d173822955\COMCTL32.dll
0x00007ffddaee0000 - 0x00007ffddaf7a000 	C:\WINDOWS\System32\msvcp_win.dll
0x00007ffdcf520000 - 0x00007ffdcf52a000 	C:\WINDOWS\SYSTEM32\VERSION.dll
0x00007ffddcbd0000 - 0x00007ffddcc01000 	C:\WINDOWS\System32\IMM32.DLL
0x00007ffdd7200000 - 0x00007ffdd720c000 	C:\Program Files\Java\jdk-17.0.5\bin\vcruntime140_1.dll
0x00007ffdb9e10000 - 0x00007ffdb9e9d000 	C:\Program Files\Java\jdk-17.0.5\bin\msvcp140.dll
0x00007ffd0da90000 - 0x00007ffd0e652000 	C:\Program Files\Java\jdk-17.0.5\bin\server\jvm.dll
0x00007ffddb890000 - 0x00007ffddb898000 	C:\WINDOWS\System32\PSAPI.DLL
0x00007ffdd20d0000 - 0x00007ffdd2104000 	C:\WINDOWS\SYSTEM32\WINMM.dll
0x00007ffdbf550000 - 0x00007ffdbf559000 	C:\WINDOWS\SYSTEM32\WSOCK32.dll
0x00007ffddb540000 - 0x00007ffddb5b1000 	C:\WINDOWS\System32\WS2_32.dll
0x00007ffdd9850000 - 0x00007ffdd9868000 	C:\WINDOWS\SYSTEM32\kernel.appcore.dll
0x00007ffdd1c30000 - 0x00007ffdd1c3a000 	C:\Program Files\Java\jdk-17.0.5\bin\jimage.dll
0x00007ffdd8070000 - 0x00007ffdd82a2000 	C:\WINDOWS\SYSTEM32\DBGHELP.DLL
0x00007ffddd160000 - 0x00007ffddd4e8000 	C:\WINDOWS\System32\combase.dll
0x00007ffddb270000 - 0x00007ffddb347000 	C:\WINDOWS\System32\OLEAUT32.dll
0x00007ffdd2090000 - 0x00007ffdd20c2000 	C:\WINDOWS\SYSTEM32\dbgcore.DLL
0x00007ffddb0d0000 - 0x00007ffddb14b000 	C:\WINDOWS\System32\bcryptPrimitives.dll
0x00007ffdd1bd0000 - 0x00007ffdd1bde000 	C:\Program Files\Java\jdk-17.0.5\bin\instrument.dll
0x00007ffdd1b60000 - 0x00007ffdd1b85000 	C:\Program Files\Java\jdk-17.0.5\bin\java.dll
0x00007ffda5a40000 - 0x00007ffda5b16000 	C:\Program Files\Java\jdk-17.0.5\bin\jsvml.dll
0x00007ffddc1b0000 - 0x00007ffddca0c000 	C:\WINDOWS\System32\SHELL32.dll
0x00007ffdd8760000 - 0x00007ffdd9057000 	C:\WINDOWS\SYSTEM32\windows.storage.dll
0x00007ffdd8620000 - 0x00007ffdd875f000 	C:\WINDOWS\SYSTEM32\wintypes.dll
0x00007ffddcad0000 - 0x00007ffddcbc4000 	C:\WINDOWS\System32\SHCORE.dll
0x00007ffddb830000 - 0x00007ffddb88e000 	C:\WINDOWS\System32\shlwapi.dll
0x00007ffdda790000 - 0x00007ffdda7b1000 	C:\WINDOWS\SYSTEM32\profapi.dll
0x00007ffdc0480000 - 0x00007ffdc0498000 	C:\Program Files\Java\jdk-17.0.5\bin\zip.dll
0x00007ffdbe8e0000 - 0x00007ffdbe8f9000 	C:\Program Files\Java\jdk-17.0.5\bin\net.dll
0x00007ffdcf660000 - 0x00007ffdcf796000 	C:\WINDOWS\SYSTEM32\WINHTTP.dll
0x00007ffdd9cc0000 - 0x00007ffdd9d29000 	C:\WINDOWS\system32\mswsock.dll
0x00007ffdbe0c0000 - 0x00007ffdbe0d6000 	C:\Program Files\Java\jdk-17.0.5\bin\nio.dll

dbghelp: loaded successfully - version: 4.0.5 - missing functions: none
symbol engine: initialized successfully - sym options: 0x614 - pdb path: .;C:\Program Files\Java\jdk-17.0.5\bin;C:\WINDOWS\SYSTEM32;C:\WINDOWS\WinSxS\amd64_microsoft.windows.common-controls_6595b64144ccf1df_6.0.22621.3672_none_2713b9d173822955;C:\Program Files\Java\jdk-17.0.5\bin\server

VM Arguments:
jvm_args: -javaagent:C:\Program Files\JetBrains\IntelliJ IDEA Community Edition 2024.1\lib\idea_rt.jar=61284:C:\Program Files\JetBrains\IntelliJ IDEA Community Edition 2024.1\bin -Dfile.encoding=UTF-8 
java_command: com.rapidattendencesystem.project.RapidattendencesystemApplication
java_class_path (initial): E:\STS4WorkSpace\rapidattendencesystem\target\classes;C:\Users\Hasitha Madushan\.m2\repository\org\springframework\boot\spring-boot-starter-data-jpa\3.2.0\spring-boot-starter-data-jpa-3.2.0.jar;C:\Users\Hasitha Madushan\.m2\repository\org\springframework\boot\spring-boot-starter-aop\3.2.0\spring-boot-starter-aop-3.2.0.jar;C:\Users\Hasitha Madushan\.m2\repository\org\springframework\spring-aop\6.1.1\spring-aop-6.1.1.jar;C:\Users\Hasitha Madushan\.m2\repository\org\aspectj\aspectjweaver\1.9.20.1\aspectjweaver-1.9.20.1.jar;C:\Users\Hasitha Madushan\.m2\repository\org\springframework\boot\spring-boot-starter-jdbc\3.2.0\spring-boot-starter-jdbc-3.2.0.jar;C:\Users\Hasitha Madushan\.m2\repository\com\zaxxer\HikariCP\5.0.1\HikariCP-5.0.1.jar;C:\Users\Hasitha Madushan\.m2\repository\org\springframework\spring-jdbc\6.1.1\spring-jdbc-6.1.1.jar;C:\Users\Hasitha Madushan\.m2\repository\org\hibernate\orm\hibernate-core\6.3.1.Final\hibernate-core-6.3.1.Final.jar;C:\Users\Hasitha Madushan\.m2\repository\jakarta\persistence\jakarta.persistence-api\3.1.0\jakarta.persistence-api-3.1.0.jar;C:\Users\Hasitha Madushan\.m2\repository\jakarta\transaction\jakarta.transaction-api\2.0.1\jakarta.transaction-api-2.0.1.jar;C:\Users\Hasitha Madushan\.m2\repository\org\jboss\logging\jboss-logging\3.5.3.Final\jboss-logging-3.5.3.Final.jar;C:\Users\Hasitha Madushan\.m2\repository\org\hibernate\common\hibernate-commons-annotations\6.0.6.Final\hibernate-commons-annotations-6.0.6.Final.jar;C:\Users\Hasitha Madushan\.m2\repository\io\smallrye\jandex\3.1.2\jandex-3.1.2.jar;C:\Users\Hasitha Madushan\.m2\repository\com\fasterxml\classmate\1.6.0\classmate-1.6.0.jar;C:\Users\Hasitha Madushan\.m2\repository\net\bytebuddy\byte-buddy\1.14.10\byte-buddy-1.14.10.jar;C:\Users\Hasitha Madushan\.m2\repository\org\glassfish\jaxb\jaxb-runtime\4.0.4\jaxb-runtime-4.0.4.jar;C:\Users\Hasitha Madushan\.m2\repository\org\glassfish\jaxb\jaxb-core\4.0.4\jaxb-core-4.0.4.jar;C:\Users\Hasitha Madushan
Launcher Type: SUN_STANDARD

[Global flags]
     intx CICompilerCount                          = 4                                         {product} {ergonomic}
     uint ConcGCThreads                            = 2                                         {product} {ergonomic}
     uint G1ConcRefinementThreads                  = 8                                         {product} {ergonomic}
   size_t G1HeapRegionSize                         = 1048576                                   {product} {ergonomic}
    uintx GCDrainStackTargetSize                   = 64                                        {product} {ergonomic}
   size_t InitialHeapSize                          = 132120576                                 {product} {ergonomic}
   size_t MarkStackSize                            = 4194304                                   {product} {ergonomic}
   size_t MaxHeapSize                              = 2095054848                                {product} {ergonomic}
   size_t MaxNewSize                               = 1256194048                                {product} {ergonomic}
   size_t MinHeapDeltaBytes                        = 1048576                                   {product} {ergonomic}
   size_t MinHeapSize                              = 8388608                                   {product} {ergonomic}
    uintx NonNMethodCodeHeapSize                   = 5839372                                {pd product} {ergonomic}
    uintx NonProfiledCodeHeapSize                  = 122909434                              {pd product} {ergonomic}
    uintx ProfiledCodeHeapSize                     = 122909434                              {pd product} {ergonomic}
    uintx ReservedCodeCacheSize                    = 251658240                              {pd product} {ergonomic}
     bool SegmentedCodeCache                       = true                                      {product} {ergonomic}
   size_t SoftMaxHeapSize                          = 2095054848                             {manageable} {ergonomic}
     bool UseCompressedClassPointers               = true                           {product lp64_product} {ergonomic}
     bool UseCompressedOops                        = true                           {product lp64_product} {ergonomic}
     bool UseG1GC                                  = true                                      {product} {ergonomic}
     bool UseLargePagesIndividualAllocation        = false                                  {pd product} {ergonomic}

Logging:
Log output configuration:
 #0: stdout all=warning uptime,level,tags
 #1: stderr all=off uptime,level,tags

Environment Variables:
JAVA_HOME=C:\Program Files\Java\jdk-17.0.5
PATH=C:\Program Files\Microsoft MPI\Bin\;C:\Program Files (x86)\Common Files\Intel\Shared Libraries\redist\intel64\compiler;C:\Windows\system32;C:\Windows;C:\Windows\System32\Wbem;C:\Windows\System32\WindowsPowerShell\v1.0\;C:\Windows\System32\OpenSSH\;C:\Program Files (x86)\NVIDIA Corporation\PhysX\Common;C:\Program Files\NVIDIA Corporation\NVIDIA NvDLISR;C:\Program Files\Java\jdk1.8.0_291\bin;C:\Program Files (x86)\QuickTime\QTSystem\;C:\WINDOWS\system32;C:\WINDOWS;C:\WINDOWS\System32\Wbem;C:\WINDOWS\System32\WindowsPowerShell\v1.0\;C:\WINDOWS\System32\OpenSSH\;C:\Program Files\dotnet\;C:\Program Files\Java\jdk-17.0.5\bin;C:\FPC\3.2.2\bin\i386-Win32;C:\Program Files\nodejs\;C:\Program Files (x86)\Microsoft SQL Server\Client SDK\ODBC\130\Tools\Binn\;C:\Program Files (x86)\Microsoft SQL Server\140\Tools\Binn\;C:\Program Files (x86)\Microsoft SQL Server\140\DTS\Binn\;C:\Program Files (x86)\Microsoft SQL Server\140\Tools\Binn\ManagementStudio\;C:\Program Files (x86)\Microsoft SQL Server\160\Tools\Binn\;C:\Program Files\Microsoft SQL Server\160\Tools\Binn\;C:\Program Files\Microsoft SQL Server\Client SDK\ODBC\170\Tools\Binn\;C:\Program Files\Microsoft SQL Server\160\DTS\Binn\;C:\Program Files\Git\cmd;C:\Users\Hasitha Madushan\AppData\Local\Microsoft\WindowsApps;;C:\Users\Hasitha Madushan\AppData\Local\Programs\Microsoft VS Code\bin;C:\Users\Hasitha Madushan\AppData\Roaming\npm;C:\Program Files\JetBrains\IntelliJ IDEA 2024.1\bin;
USERNAME=Hasitha Madushan
OS=Windows_NT
PROCESSOR_IDENTIFIER=Intel64 Family 6 Model 165 Stepping 2, GenuineIntel



---------------  S Y S T E M  ---------------

OS:
 Windows 11 , 64 bit Build 22621 (10.0.22621.3672)
OS uptime: 0 days 21:05 hours
Hyper-V role detected

CPU: total 8 (initial active 8) (4 cores per cpu, 2 threads per core) family 6 model 165 stepping 2 microcode 0xf8, cx8, cmov, fxsr, ht, mmx, 3dnowpref, sse, sse2, sse3, ssse3, sse4.1, sse4.2, popcnt, lzcnt, tsc, tscinvbit, avx, avx2, aes, erms, clmul, bmi1, bmi2, adx, fma, vzeroupper, clflush, clflushopt, hv

Memory: 4k page, system-wide physical 7985M (646M free)
TotalPageFile size 22815M (AvailPageFile size 6M)
current process WorkingSet (physical memory assigned to process): 41M, peak: 41M
current process commit charge ("private bytes"): 212M, peak: 212M

vm_info: Java HotSpot(TM) 64-Bit Server VM (17.0.5+9-LTS-191) for windows-amd64 JRE (17.0.5+9-LTS-191), built on Sep 13 2022 17:31:43 by "mach5one" with MS VC++ 16.8 / 16.9 (VS2019)

END.
